{"total": {"lines":{"total":26,"covered":25,"skipped":0,"pct":96.15},"statements":{"total":26,"covered":25,"skipped":0,"pct":96.15},"functions":{"total":10,"covered":9,"skipped":0,"pct":90},"branches":{"total":28,"covered":27,"skipped":0,"pct":96.43}}
,"/Users/stevenmckinnon/Development/resume/src/App.js": {"lines":{"total":11,"covered":10,"skipped":0,"pct":90.91},"functions":{"total":2,"covered":1,"skipped":0,"pct":50},"statements":{"total":11,"covered":10,"skipped":0,"pct":90.91},"branches":{"total":4,"covered":4,"skipped":0,"pct":100}}
,"/Users/stevenmckinnon/Development/resume/src/components/about/About.js": {"lines":{"total":2,"covered":2,"skipped":0,"pct":100},"functions":{"total":1,"covered":1,"skipped":0,"pct":100},"statements":{"total":2,"covered":2,"skipped":0,"pct":100},"branches":{"total":0,"covered":0,"skipped":0,"pct":100}}
,"/Users/stevenmckinnon/Development/resume/src/components/footer/Footer.js": {"lines":{"total":2,"covered":2,"skipped":0,"pct":100},"functions":{"total":1,"covered":1,"skipped":0,"pct":100},"statements":{"total":2,"covered":2,"skipped":0,"pct":100},"branches":{"total":12,"covered":11,"skipped":0,"pct":91.67}}
,"/Users/stevenmckinnon/Development/resume/src/components/header/Header.js": {"lines":{"total":2,"covered":2,"skipped":0,"pct":100},"functions":{"total":1,"covered":1,"skipped":0,"pct":100},"statements":{"total":2,"covered":2,"skipped":0,"pct":100},"branches":{"total":10,"covered":10,"skipped":0,"pct":100}}
,"/Users/stevenmckinnon/Development/resume/src/components/resume/Resume.js": {"lines":{"total":9,"covered":9,"skipped":0,"pct":100},"functions":{"total":5,"covered":5,"skipped":0,"pct":100},"statements":{"total":9,"covered":9,"skipped":0,"pct":100},"branches":{"total":2,"covered":2,"skipped":0,"pct":100}}
}
