{"/Users/stevenmckinnon/Development/resume/src/App.js": {"path":"/Users/stevenmckinnon/Development/resume/src/App.js","statementMap":{"0":{"start":{"line":10,"column":12},"end":{"line":41,"column":1}},"1":{"start":{"line":11,"column":4},"end":{"line":33,"column":5}},"2":{"start":{"line":12,"column":8},"end":{"line":12,"column":49}},"3":{"start":{"line":13,"column":11},"end":{"line":33,"column":5}},"4":{"start":{"line":14,"column":32},"end":{"line":14,"column":74}},"5":{"start":{"line":22,"column":12},"end":{"line":22,"column":27}},"6":{"start":{"line":23,"column":27},"end":{"line":23,"column":49}},"7":{"start":{"line":25,"column":8},"end":{"line":32,"column":10}},"8":{"start":{"line":35,"column":4},"end":{"line":40,"column":6}},"9":{"start":{"line":43,"column":23},"end":{"line":43,"column":26}},"10":{"start":{"line":45,"column":20},"end":{"line":49,"column":5}}},"fnMap":{"0":{"name":"(anonymous_0)","decl":{"start":{"line":10,"column":12},"end":{"line":10,"column":13}},"loc":{"start":{"line":10,"column":21},"end":{"line":41,"column":1}},"line":10},"1":{"name":"(anonymous_1)","decl":{"start":{"line":45,"column":13},"end":{"line":45,"column":14}},"loc":{"start":{"line":45,"column":20},"end":{"line":49,"column":5}},"line":45}},"branchMap":{"0":{"loc":{"start":{"line":11,"column":4},"end":{"line":33,"column":5}},"type":"if","locations":[{"start":{"line":11,"column":4},"end":{"line":33,"column":5}},{"start":{"line":11,"column":4},"end":{"line":33,"column":5}}],"line":11},"1":{"loc":{"start":{"line":13,"column":11},"end":{"line":33,"column":5}},"type":"if","locations":[{"start":{"line":13,"column":11},"end":{"line":33,"column":5}},{"start":{"line":13,"column":11},"end":{"line":33,"column":5}}],"line":13}},"s":{"0":1,"1":3,"2":1,"3":2,"4":1,"5":1,"6":1,"7":1,"8":1,"9":1,"10":0},"f":{"0":3,"1":0},"b":{"0":[1,2],"1":[1,1]},"_coverageSchema":"43e27e138ebf9cfc5966b082cf9a028302ed4184","hash":"756df34723b4dc12436e7d547952580a88e42116"}
,"/Users/stevenmckinnon/Development/resume/src/components/about/About.js": {"path":"/Users/stevenmckinnon/Development/resume/src/components/about/About.js","statementMap":{"0":{"start":{"line":4,"column":14},"end":{"line":33,"column":1}},"1":{"start":{"line":5,"column":4},"end":{"line":32,"column":14}}},"fnMap":{"0":{"name":"(anonymous_0)","decl":{"start":{"line":4,"column":14},"end":{"line":4,"column":15}},"loc":{"start":{"line":5,"column":4},"end":{"line":32,"column":14}},"line":5}},"branchMap":{},"s":{"0":2,"1":1},"f":{"0":1},"b":{},"_coverageSchema":"43e27e138ebf9cfc5966b082cf9a028302ed4184","hash":"4fca01bf858d0fb9133be3786150f4b335180d88"}
,"/Users/stevenmckinnon/Development/resume/src/components/footer/Footer.js": {"path":"/Users/stevenmckinnon/Development/resume/src/components/footer/Footer.js","statementMap":{"0":{"start":{"line":4,"column":15},"end":{"line":29,"column":1}},"1":{"start":{"line":5,"column":4},"end":{"line":28,"column":13}}},"fnMap":{"0":{"name":"(anonymous_0)","decl":{"start":{"line":4,"column":15},"end":{"line":4,"column":16}},"loc":{"start":{"line":5,"column":4},"end":{"line":28,"column":13}},"line":5}},"branchMap":{"0":{"loc":{"start":{"line":9,"column":21},"end":{"line":10,"column":71}},"type":"cond-expr","locations":[{"start":{"line":9,"column":49},"end":{"line":10,"column":64}},{"start":{"line":10,"column":67},"end":{"line":10,"column":71}}],"line":9},"1":{"loc":{"start":{"line":11,"column":21},"end":{"line":12,"column":72}},"type":"cond-expr","locations":[{"start":{"line":11,"column":50},"end":{"line":12,"column":65}},{"start":{"line":12,"column":68},"end":{"line":12,"column":72}}],"line":11},"2":{"loc":{"start":{"line":13,"column":21},"end":{"line":14,"column":73}},"type":"cond-expr","locations":[{"start":{"line":13,"column":51},"end":{"line":14,"column":66}},{"start":{"line":14,"column":69},"end":{"line":14,"column":73}}],"line":13},"3":{"loc":{"start":{"line":15,"column":21},"end":{"line":16,"column":106}},"type":"cond-expr","locations":[{"start":{"line":15,"column":53},"end":{"line":16,"column":99}},{"start":{"line":16,"column":102},"end":{"line":16,"column":106}}],"line":15},"4":{"loc":{"start":{"line":17,"column":21},"end":{"line":18,"column":72}},"type":"cond-expr","locations":[{"start":{"line":17,"column":48},"end":{"line":18,"column":65}},{"start":{"line":18,"column":68},"end":{"line":18,"column":72}}],"line":17},"5":{"loc":{"start":{"line":19,"column":21},"end":{"line":20,"column":72}},"type":"cond-expr","locations":[{"start":{"line":19,"column":54},"end":{"line":20,"column":65}},{"start":{"line":20,"column":68},"end":{"line":20,"column":72}}],"line":19}},"s":{"0":2,"1":2},"f":{"0":2},"b":{"0":[1,1],"1":[1,1],"2":[1,1],"3":[1,1],"4":[1,1],"5":[0,2]},"_coverageSchema":"43e27e138ebf9cfc5966b082cf9a028302ed4184","hash":"cd110bf35a438ce56de17c4d0ceec8aecce551f9"}
,"/Users/stevenmckinnon/Development/resume/src/components/header/Header.js": {"path":"/Users/stevenmckinnon/Development/resume/src/components/header/Header.js","statementMap":{"0":{"start":{"line":4,"column":15},"end":{"line":40,"column":1}},"1":{"start":{"line":5,"column":4},"end":{"line":39,"column":13}}},"fnMap":{"0":{"name":"(anonymous_0)","decl":{"start":{"line":4,"column":15},"end":{"line":4,"column":16}},"loc":{"start":{"line":5,"column":4},"end":{"line":39,"column":13}},"line":5}},"branchMap":{"0":{"loc":{"start":{"line":23,"column":21},"end":{"line":24,"column":64}},"type":"binary-expr","locations":[{"start":{"line":23,"column":21},"end":{"line":23,"column":46}},{"start":{"line":23,"column":50},"end":{"line":24,"column":64}}],"line":23},"1":{"loc":{"start":{"line":25,"column":21},"end":{"line":26,"column":65}},"type":"binary-expr","locations":[{"start":{"line":25,"column":21},"end":{"line":25,"column":47}},{"start":{"line":25,"column":51},"end":{"line":26,"column":65}}],"line":25},"2":{"loc":{"start":{"line":27,"column":21},"end":{"line":28,"column":66}},"type":"binary-expr","locations":[{"start":{"line":27,"column":21},"end":{"line":27,"column":48}},{"start":{"line":27,"column":52},"end":{"line":28,"column":66}}],"line":27},"3":{"loc":{"start":{"line":29,"column":21},"end":{"line":30,"column":99}},"type":"binary-expr","locations":[{"start":{"line":29,"column":21},"end":{"line":29,"column":50}},{"start":{"line":29,"column":54},"end":{"line":30,"column":99}}],"line":29},"4":{"loc":{"start":{"line":31,"column":21},"end":{"line":32,"column":65}},"type":"binary-expr","locations":[{"start":{"line":31,"column":21},"end":{"line":31,"column":45}},{"start":{"line":31,"column":49},"end":{"line":32,"column":65}}],"line":31}},"s":{"0":2,"1":2},"f":{"0":2},"b":{"0":[2,1],"1":[2,1],"2":[2,1],"3":[2,1],"4":[2,1]},"_coverageSchema":"43e27e138ebf9cfc5966b082cf9a028302ed4184","hash":"34d02eee966d04cd7f2fbed7362de46735ce5d8f"}
,"/Users/stevenmckinnon/Development/resume/src/components/resume/Resume.js": {"path":"/Users/stevenmckinnon/Development/resume/src/components/resume/Resume.js","statementMap":{"0":{"start":{"line":4,"column":15},"end":{"line":69,"column":1}},"1":{"start":{"line":5,"column":24},"end":{"line":9,"column":5}},"2":{"start":{"line":6,"column":21},"end":{"line":6,"column":88}},"3":{"start":{"line":7,"column":19},"end":{"line":7,"column":105}},"4":{"start":{"line":8,"column":8},"end":{"line":8,"column":33}},"5":{"start":{"line":11,"column":4},"end":{"line":68,"column":6}},"6":{"start":{"line":19,"column":24},"end":{"line":29,"column":25}},"7":{"start":{"line":41,"column":24},"end":{"line":49,"column":25}},"8":{"start":{"line":62,"column":28},"end":{"line":62,"column":90}}},"fnMap":{"0":{"name":"(anonymous_0)","decl":{"start":{"line":4,"column":15},"end":{"line":4,"column":16}},"loc":{"start":{"line":4,"column":24},"end":{"line":69,"column":1}},"line":4},"1":{"name":"(anonymous_1)","decl":{"start":{"line":5,"column":24},"end":{"line":5,"column":25}},"loc":{"start":{"line":5,"column":46},"end":{"line":9,"column":5}},"line":5},"2":{"name":"(anonymous_2)","decl":{"start":{"line":18,"column":36},"end":{"line":18,"column":37}},"loc":{"start":{"line":18,"column":52},"end":{"line":30,"column":21}},"line":18},"3":{"name":"(anonymous_3)","decl":{"start":{"line":40,"column":41},"end":{"line":40,"column":42}},"loc":{"start":{"line":40,"column":60},"end":{"line":50,"column":21}},"line":40},"4":{"name":"(anonymous_4)","decl":{"start":{"line":61,"column":42},"end":{"line":61,"column":43}},"loc":{"start":{"line":61,"column":60},"end":{"line":63,"column":25}},"line":61}},"branchMap":{"0":{"loc":{"start":{"line":7,"column":19},"end":{"line":7,"column":105}},"type":"cond-expr","locations":[{"start":{"line":7,"column":28},"end":{"line":7,"column":93}},{"start":{"line":7,"column":96},"end":{"line":7,"column":105}}],"line":7}},"s":{"0":2,"1":1,"2":3,"3":3,"4":3,"5":1,"6":2,"7":1,"8":4},"f":{"0":1,"1":3,"2":2,"3":1,"4":4},"b":{"0":[1,2]},"_coverageSchema":"43e27e138ebf9cfc5966b082cf9a028302ed4184","hash":"51286c5146522a493175d37975dbd125e8170a25"}
}
