{"total": {"lines":{"total":22,"covered":21,"skipped":0,"pct":95.45},"statements":{"total":23,"covered":22,"skipped":0,"pct":95.65},"functions":{"total":10,"covered":9,"skipped":0,"pct":90},"branches":{"total":26,"covered":26,"skipped":0,"pct":100}}
,"/Users/stevenmckinnon/Development/resume/src/App.js": {"lines":{"total":12,"covered":11,"skipped":0,"pct":91.67},"functions":{"total":2,"covered":1,"skipped":0,"pct":50},"statements":{"total":13,"covered":12,"skipped":0,"pct":92.31},"branches":{"total":4,"covered":4,"skipped":0,"pct":100}}
,"/Users/stevenmckinnon/Development/resume/src/components/about/About.js": {"lines":{"total":1,"covered":1,"skipped":0,"pct":100},"functions":{"total":1,"covered":1,"skipped":0,"pct":100},"statements":{"total":1,"covered":1,"skipped":0,"pct":100},"branches":{"total":0,"covered":0,"skipped":0,"pct":100}}
,"/Users/stevenmckinnon/Development/resume/src/components/footer/Footer.js": {"lines":{"total":1,"covered":1,"skipped":0,"pct":100},"functions":{"total":1,"covered":1,"skipped":0,"pct":100},"statements":{"total":1,"covered":1,"skipped":0,"pct":100},"branches":{"total":10,"covered":10,"skipped":0,"pct":100}}
,"/Users/stevenmckinnon/Development/resume/src/components/header/Header.js": {"lines":{"total":1,"covered":1,"skipped":0,"pct":100},"functions":{"total":1,"covered":1,"skipped":0,"pct":100},"statements":{"total":1,"covered":1,"skipped":0,"pct":100},"branches":{"total":10,"covered":10,"skipped":0,"pct":100}}
,"/Users/stevenmckinnon/Development/resume/src/components/resume/Resume.js": {"lines":{"total":7,"covered":7,"skipped":0,"pct":100},"functions":{"total":5,"covered":5,"skipped":0,"pct":100},"statements":{"total":7,"covered":7,"skipped":0,"pct":100},"branches":{"total":2,"covered":2,"skipped":0,"pct":100}}
}
