{"/Users/stevenmckinnon/Development/resume/src/App.tsx": {"path":"/Users/stevenmckinnon/Development/resume/src/App.tsx","statementMap":{"0":{"start":{"line":14,"column":29},"end":{"line":45,"column":1}},"1":{"start":{"line":15,"column":4},"end":{"line":37,"column":5}},"2":{"start":{"line":16,"column":8},"end":{"line":16,"column":49}},"3":{"start":{"line":17,"column":11},"end":{"line":37,"column":5}},"4":{"start":{"line":18,"column":32},"end":{"line":18,"column":68}},"5":{"start":{"line":26,"column":12},"end":{"line":26,"column":27}},"6":{"start":{"line":27,"column":27},"end":{"line":27,"column":49}},"7":{"start":{"line":29,"column":8},"end":{"line":36,"column":10}},"8":{"start":{"line":39,"column":4},"end":{"line":44,"column":6}},"9":{"start":{"line":47,"column":23},"end":{"line":47,"column":26}},"10":{"start":{"line":49,"column":20},"end":{"line":53,"column":5}}},"fnMap":{"0":{"name":"(anonymous_0)","decl":{"start":{"line":14,"column":29},"end":{"line":14,"column":30}},"loc":{"start":{"line":14,"column":43},"end":{"line":45,"column":1}},"line":14},"1":{"name":"(anonymous_1)","decl":{"start":{"line":49,"column":13},"end":{"line":49,"column":14}},"loc":{"start":{"line":49,"column":20},"end":{"line":53,"column":5}},"line":49}},"branchMap":{"0":{"loc":{"start":{"line":15,"column":4},"end":{"line":37,"column":5}},"type":"if","locations":[{"start":{"line":15,"column":4},"end":{"line":37,"column":5}},{"start":{"line":15,"column":4},"end":{"line":37,"column":5}}],"line":15},"1":{"loc":{"start":{"line":17,"column":11},"end":{"line":37,"column":5}},"type":"if","locations":[{"start":{"line":17,"column":11},"end":{"line":37,"column":5}},{"start":{"line":17,"column":11},"end":{"line":37,"column":5}}],"line":17}},"s":{"0":1,"1":3,"2":1,"3":2,"4":1,"5":1,"6":1,"7":1,"8":1,"9":1,"10":0},"f":{"0":3,"1":0},"b":{"0":[1,2],"1":[1,1]},"_coverageSchema":"43e27e138ebf9cfc5966b082cf9a028302ed4184","hash":"a4b9f49903e367f75dd255637e35fa5dfc791499"}
,"/Users/stevenmckinnon/Development/resume/src/components/about/About.tsx": {"path":"/Users/stevenmckinnon/Development/resume/src/components/about/About.tsx","statementMap":{"0":{"start":{"line":23,"column":31},"end":{"line":52,"column":1}},"1":{"start":{"line":24,"column":4},"end":{"line":51,"column":14}}},"fnMap":{"0":{"name":"(anonymous_0)","decl":{"start":{"line":23,"column":31},"end":{"line":23,"column":32}},"loc":{"start":{"line":24,"column":4},"end":{"line":51,"column":14}},"line":24}},"branchMap":{},"s":{"0":2,"1":1},"f":{"0":1},"b":{},"_coverageSchema":"43e27e138ebf9cfc5966b082cf9a028302ed4184","hash":"485e7c6f681dd413590561e4920faf56c95475e7"}
,"/Users/stevenmckinnon/Development/resume/src/components/footer/Footer.tsx": {"path":"/Users/stevenmckinnon/Development/resume/src/components/footer/Footer.tsx","statementMap":{"0":{"start":{"line":10,"column":32},"end":{"line":35,"column":1}},"1":{"start":{"line":11,"column":4},"end":{"line":34,"column":13}}},"fnMap":{"0":{"name":"(anonymous_0)","decl":{"start":{"line":10,"column":32},"end":{"line":10,"column":33}},"loc":{"start":{"line":11,"column":4},"end":{"line":34,"column":13}},"line":11}},"branchMap":{"0":{"loc":{"start":{"line":15,"column":21},"end":{"line":16,"column":64}},"type":"binary-expr","locations":[{"start":{"line":15,"column":21},"end":{"line":15,"column":40}},{"start":{"line":15,"column":44},"end":{"line":16,"column":64}}],"line":15},"1":{"loc":{"start":{"line":17,"column":21},"end":{"line":18,"column":65}},"type":"binary-expr","locations":[{"start":{"line":17,"column":21},"end":{"line":17,"column":41}},{"start":{"line":17,"column":45},"end":{"line":18,"column":65}}],"line":17},"2":{"loc":{"start":{"line":19,"column":21},"end":{"line":20,"column":66}},"type":"binary-expr","locations":[{"start":{"line":19,"column":21},"end":{"line":19,"column":42}},{"start":{"line":19,"column":46},"end":{"line":20,"column":66}}],"line":19},"3":{"loc":{"start":{"line":21,"column":21},"end":{"line":22,"column":93}},"type":"binary-expr","locations":[{"start":{"line":21,"column":21},"end":{"line":21,"column":44}},{"start":{"line":21,"column":48},"end":{"line":22,"column":93}}],"line":21},"4":{"loc":{"start":{"line":23,"column":21},"end":{"line":24,"column":65}},"type":"binary-expr","locations":[{"start":{"line":23,"column":21},"end":{"line":23,"column":39}},{"start":{"line":23,"column":43},"end":{"line":24,"column":65}}],"line":23},"5":{"loc":{"start":{"line":25,"column":21},"end":{"line":26,"column":65}},"type":"binary-expr","locations":[{"start":{"line":25,"column":21},"end":{"line":25,"column":45}},{"start":{"line":25,"column":49},"end":{"line":26,"column":65}}],"line":25}},"s":{"0":2,"1":2},"f":{"0":2},"b":{"0":[2,1],"1":[2,1],"2":[2,1],"3":[2,1],"4":[2,1],"5":[2,0]},"_coverageSchema":"43e27e138ebf9cfc5966b082cf9a028302ed4184","hash":"b515a828499cb7a46a817599390b305141eab3b8"}
,"/Users/stevenmckinnon/Development/resume/src/components/header/Header.tsx": {"path":"/Users/stevenmckinnon/Development/resume/src/components/header/Header.tsx","statementMap":{"0":{"start":{"line":11,"column":32},"end":{"line":46,"column":1}},"1":{"start":{"line":12,"column":4},"end":{"line":45,"column":13}}},"fnMap":{"0":{"name":"(anonymous_0)","decl":{"start":{"line":11,"column":32},"end":{"line":11,"column":33}},"loc":{"start":{"line":12,"column":4},"end":{"line":45,"column":13}},"line":12}},"branchMap":{"0":{"loc":{"start":{"line":29,"column":21},"end":{"line":30,"column":64}},"type":"binary-expr","locations":[{"start":{"line":29,"column":21},"end":{"line":29,"column":40}},{"start":{"line":29,"column":44},"end":{"line":30,"column":64}}],"line":29},"1":{"loc":{"start":{"line":31,"column":21},"end":{"line":32,"column":65}},"type":"binary-expr","locations":[{"start":{"line":31,"column":21},"end":{"line":31,"column":41}},{"start":{"line":31,"column":45},"end":{"line":32,"column":65}}],"line":31},"2":{"loc":{"start":{"line":33,"column":21},"end":{"line":34,"column":66}},"type":"binary-expr","locations":[{"start":{"line":33,"column":21},"end":{"line":33,"column":42}},{"start":{"line":33,"column":46},"end":{"line":34,"column":66}}],"line":33},"3":{"loc":{"start":{"line":35,"column":21},"end":{"line":36,"column":93}},"type":"binary-expr","locations":[{"start":{"line":35,"column":21},"end":{"line":35,"column":44}},{"start":{"line":35,"column":48},"end":{"line":36,"column":93}}],"line":35},"4":{"loc":{"start":{"line":37,"column":21},"end":{"line":38,"column":65}},"type":"binary-expr","locations":[{"start":{"line":37,"column":21},"end":{"line":37,"column":39}},{"start":{"line":37,"column":43},"end":{"line":38,"column":65}}],"line":37}},"s":{"0":2,"1":2},"f":{"0":2},"b":{"0":[2,1],"1":[2,1],"2":[2,1],"3":[2,1],"4":[2,1]},"_coverageSchema":"43e27e138ebf9cfc5966b082cf9a028302ed4184","hash":"17cbb491a798ffa20daeb914a4eaed86eee0a869"}
,"/Users/stevenmckinnon/Development/resume/src/components/resume/Resume.tsx": {"path":"/Users/stevenmckinnon/Development/resume/src/components/resume/Resume.tsx","statementMap":{"0":{"start":{"line":11,"column":20},"end":{"line":15,"column":1}},"1":{"start":{"line":12,"column":17},"end":{"line":12,"column":84}},"2":{"start":{"line":13,"column":15},"end":{"line":13,"column":101}},"3":{"start":{"line":14,"column":4},"end":{"line":14,"column":29}},"4":{"start":{"line":17,"column":32},"end":{"line":76,"column":1}},"5":{"start":{"line":18,"column":4},"end":{"line":75,"column":14}},"6":{"start":{"line":26,"column":24},"end":{"line":26,"column":41}},"7":{"start":{"line":27,"column":24},"end":{"line":37,"column":25}},"8":{"start":{"line":49,"column":20},"end":{"line":57,"column":21}},"9":{"start":{"line":70,"column":24},"end":{"line":70,"column":77}}},"fnMap":{"0":{"name":"(anonymous_0)","decl":{"start":{"line":11,"column":20},"end":{"line":11,"column":21}},"loc":{"start":{"line":11,"column":66},"end":{"line":15,"column":1}},"line":11},"1":{"name":"(anonymous_1)","decl":{"start":{"line":17,"column":32},"end":{"line":17,"column":33}},"loc":{"start":{"line":18,"column":4},"end":{"line":75,"column":14}},"line":18},"2":{"name":"(anonymous_2)","decl":{"start":{"line":25,"column":29},"end":{"line":25,"column":30}},"loc":{"start":{"line":25,"column":45},"end":{"line":38,"column":21}},"line":25},"3":{"name":"(anonymous_3)","decl":{"start":{"line":48,"column":31},"end":{"line":48,"column":32}},"loc":{"start":{"line":48,"column":50},"end":{"line":58,"column":17}},"line":48},"4":{"name":"(anonymous_4)","decl":{"start":{"line":69,"column":32},"end":{"line":69,"column":33}},"loc":{"start":{"line":70,"column":24},"end":{"line":70,"column":77}},"line":70}},"branchMap":{"0":{"loc":{"start":{"line":13,"column":15},"end":{"line":13,"column":101}},"type":"cond-expr","locations":[{"start":{"line":13,"column":24},"end":{"line":13,"column":89}},{"start":{"line":13,"column":92},"end":{"line":13,"column":101}}],"line":13}},"s":{"0":2,"1":3,"2":3,"3":3,"4":2,"5":1,"6":2,"7":2,"8":1,"9":4},"f":{"0":3,"1":1,"2":2,"3":1,"4":4},"b":{"0":[1,2]},"_coverageSchema":"43e27e138ebf9cfc5966b082cf9a028302ed4184","hash":"adffe121c96d5b624b5fd59020fe85f221c4b4fd"}
}
