TN:
SF:/Users/stevenmckinnon/Development/resume/src/App.js
FN:10,(anonymous_0)
FN:45,(anonymous_1)
FNF:2
FNH:1
FNDA:3,(anonymous_0)
FNDA:0,(anonymous_1)
DA:10,1
DA:11,3
DA:12,1
DA:13,2
DA:14,1
DA:22,1
DA:23,1
DA:25,1
DA:35,1
DA:43,1
DA:45,0
LF:11
LH:10
BRDA:11,0,0,1
BRDA:11,0,1,2
BRDA:13,1,0,1
BRDA:13,1,1,1
BRF:4
BRH:4
end_of_record
TN:
SF:/Users/stevenmckinnon/Development/resume/src/components/about/About.js
FN:4,(anonymous_0)
FNF:1
FNH:1
FNDA:1,(anonymous_0)
DA:4,2
DA:5,1
LF:2
LH:2
BRF:0
BRH:0
end_of_record
TN:
SF:/Users/stevenmckinnon/Development/resume/src/components/footer/Footer.js
FN:4,(anonymous_0)
FNF:1
FNH:1
FNDA:2,(anonymous_0)
DA:4,2
DA:5,2
LF:2
LH:2
BRDA:9,0,0,1
BRDA:9,0,1,1
BRDA:11,1,0,1
BRDA:11,1,1,1
BRDA:13,2,0,1
BRDA:13,2,1,1
BRDA:15,3,0,1
BRDA:15,3,1,1
BRDA:17,4,0,1
BRDA:17,4,1,1
BRDA:19,5,0,0
BRDA:19,5,1,2
BRF:12
BRH:11
end_of_record
TN:
SF:/Users/stevenmckinnon/Development/resume/src/components/header/Header.js
FN:4,(anonymous_0)
FNF:1
FNH:1
FNDA:2,(anonymous_0)
DA:4,2
DA:5,2
LF:2
LH:2
BRDA:23,0,0,2
BRDA:23,0,1,1
BRDA:25,1,0,2
BRDA:25,1,1,1
BRDA:27,2,0,2
BRDA:27,2,1,1
BRDA:29,3,0,2
BRDA:29,3,1,1
BRDA:31,4,0,2
BRDA:31,4,1,1
BRF:10
BRH:10
end_of_record
TN:
SF:/Users/stevenmckinnon/Development/resume/src/components/resume/Resume.js
FN:4,(anonymous_0)
FN:5,(anonymous_1)
FN:18,(anonymous_2)
FN:40,(anonymous_3)
FN:61,(anonymous_4)
FNF:5
FNH:5
FNDA:1,(anonymous_0)
FNDA:3,(anonymous_1)
FNDA:2,(anonymous_2)
FNDA:1,(anonymous_3)
FNDA:4,(anonymous_4)
DA:4,2
DA:5,1
DA:6,3
DA:7,3
DA:8,3
DA:11,1
DA:19,2
DA:41,1
DA:62,4
LF:9
LH:9
BRDA:7,0,0,1
BRDA:7,0,1,2
BRF:2
BRH:2
end_of_record
