TN:
SF:/Users/stevenmckinnon/Development/resume/src/App.tsx
FN:14,(anonymous_0)
FN:49,(anonymous_1)
FNF:2
FNH:1
FNDA:3,(anonymous_0)
FNDA:0,(anonymous_1)
DA:14,1
DA:15,3
DA:16,1
DA:17,2
DA:18,1
DA:26,1
DA:27,1
DA:29,1
DA:39,1
DA:47,1
DA:49,0
LF:11
LH:10
BRDA:15,0,0,1
BRDA:15,0,1,2
BRDA:17,1,0,1
BRDA:17,1,1,1
BRF:4
BRH:4
end_of_record
TN:
SF:/Users/stevenmckinnon/Development/resume/src/components/about/About.tsx
FN:23,(anonymous_0)
FNF:1
FNH:1
FNDA:1,(anonymous_0)
DA:23,2
DA:24,1
LF:2
LH:2
BRF:0
BRH:0
end_of_record
TN:
SF:/Users/stevenmckinnon/Development/resume/src/components/footer/Footer.tsx
FN:10,(anonymous_0)
FNF:1
FNH:1
FNDA:2,(anonymous_0)
DA:10,2
DA:11,2
LF:2
LH:2
BRDA:15,0,0,2
BRDA:15,0,1,1
BRDA:17,1,0,2
BRDA:17,1,1,1
BRDA:19,2,0,2
BRDA:19,2,1,1
BRDA:21,3,0,2
BRDA:21,3,1,1
BRDA:23,4,0,2
BRDA:23,4,1,1
BRDA:25,5,0,2
BRDA:25,5,1,0
BRF:12
BRH:11
end_of_record
TN:
SF:/Users/stevenmckinnon/Development/resume/src/components/header/Header.tsx
FN:11,(anonymous_0)
FNF:1
FNH:1
FNDA:2,(anonymous_0)
DA:11,2
DA:12,2
LF:2
LH:2
BRDA:29,0,0,2
BRDA:29,0,1,1
BRDA:31,1,0,2
BRDA:31,1,1,1
BRDA:33,2,0,2
BRDA:33,2,1,1
BRDA:35,3,0,2
BRDA:35,3,1,1
BRDA:37,4,0,2
BRDA:37,4,1,1
BRF:10
BRH:10
end_of_record
TN:
SF:/Users/stevenmckinnon/Development/resume/src/components/resume/Resume.tsx
FN:11,(anonymous_0)
FN:17,(anonymous_1)
FN:25,(anonymous_2)
FN:48,(anonymous_3)
FN:69,(anonymous_4)
FNF:5
FNH:5
FNDA:3,(anonymous_0)
FNDA:1,(anonymous_1)
FNDA:2,(anonymous_2)
FNDA:1,(anonymous_3)
FNDA:4,(anonymous_4)
DA:11,2
DA:12,3
DA:13,3
DA:14,3
DA:17,2
DA:18,1
DA:26,2
DA:27,2
DA:49,1
DA:70,4
LF:10
LH:10
BRDA:13,0,0,1
BRDA:13,0,1,2
BRF:2
BRH:2
end_of_record
